FUNCTION  <SNR>90_Remove_Matches()
    Defined: /usr/share/nvim/runtime/plugin/matchparen.vim:202
Called 1 time
Total time:   0.000008
 Self time:   0.000008

count  total (s)   self (s)
    1              0.000002   if exists('w:paren_hl_on') && w:paren_hl_on
                                while !empty(w:matchparen_ids)
                                  silent! call remove(w:matchparen_ids, 0)->matchdelete()
                                endwhile
                                let w:paren_hl_on = 0
    1              0.000000   endif

FUNCTION  <SNR>44_on_vimleavepre()
    Defined: ~/.config/nvim/plugged/vim-startify/plugin/startify.vim:52
Called 1 time
Total time:   0.000034
 Self time:   0.000034

count  total (s)   self (s)
    1              0.000021   if get(g:, 'startify_session_persistence') && exists('v:this_session') && filewritable(v:this_session)
                                call startify#session_write(fnameescape(v:this_session))
    1              0.000002   endif

FUNCTION  <SNR>44_on_vimenter()
    Defined: ~/.config/nvim/plugged/vim-startify/plugin/startify.vim:36
Called 1 time
Total time:   0.000016
 Self time:   0.000016

count  total (s)   self (s)
    1              0.000003   if !argc() && line('$') == 1 && getline('.') == ''
                                if get(g:, 'startify_session_autoload') && filereadable('Session.vim')
                                  source Session.vim
                                elseif !get(g:, 'startify_disable_at_vimenter')
                                  call startify#insane_in_the_membrane(1)
                                endif
    1              0.000000   endif
    1              0.000002   if get(g:, 'startify_update_oldfiles')
                                call map(v:oldfiles, 'fnamemodify(v:val, ":p")')
                                autocmd startify BufNewFile,BufRead,BufFilePre * call s:update_oldfiles(expand('<afile>:p'))
    1              0.000000   endif
    1              0.000002   autocmd! startify VimEnter

FUNCTION  nerdtree#checkForBrowse()
    Defined: ~/.config/nvim/plugged/nerdtree/autoload/nerdtree.vim:61
Called 1 time
Total time:   0.000005
 Self time:   0.000005

count  total (s)   self (s)
    1              0.000003     if !isdirectory(a:dir)
    1              0.000001         return
                                endif
                            
                                if s:reuseWin(a:dir)
                                    return
                                endif
                            
                                call g:NERDTreeCreator.CreateWindowTree(a:dir)

FUNCTION  <SNR>90_Highlight_Matching_Pair()
    Defined: /usr/share/nvim/runtime/plugin/matchparen.vim:44
Called 1 time
Total time:   0.000052
 Self time:   0.000045

count  total (s)   self (s)
    1              0.000002   if !exists("w:matchparen_ids")
    1              0.000002     let w:matchparen_ids = []
    1              0.000000   endif
                              " Remove any previous match.
    1   0.000011   0.000004   call s:Remove_Matches()
                            
                              " Avoid that we remove the popup menu.
                              " Return when there are no colors (looks like the cursor jumps).
    1              0.000003   if pumvisible() || (&t_Co < 8 && !has("gui_running"))
                                return
    1              0.000000   endif
                            
                              " Get the character under the cursor and check if it's in 'matchpairs'.
    1              0.000002   let c_lnum = line('.')
    1              0.000002   let c_col = col('.')
    1              0.000001   let before = 0
                            
    1              0.000002   let text = getline(c_lnum)
    1              0.000004   let c_before = text->strpart(0, c_col - 1)->slice(-1)
    1              0.000002   let c = text->strpart(c_col - 1)->slice(0, 1)
    1              0.000009   let plist = split(&matchpairs, '.\zs[:,]')
    1              0.000002   let i = index(plist, c)
    1              0.000001   if i < 0
                                " not found, in Insert mode try character before the cursor
    1              0.000002     if c_col > 1 && (mode() == 'i' || mode() == 'R')
                                  let before = strlen(c_before)
                                  let c = c_before
                                  let i = index(plist, c)
    1              0.000000     endif
    1              0.000001     if i < 0
                                  " not found, nothing to do
    1              0.000000       return
                                endif
                              endif
                            
                              " Figure out the arguments for searchpairpos().
                              if i % 2 == 0
                                let s_flags = 'nW'
                                let c2 = plist[i + 1]
                              else
                                let s_flags = 'nbW'
                                let c2 = c
                                let c = plist[i - 1]
                              endif
                              if c == '['
                                let c = '\['
                                let c2 = '\]'
                              endif
                            
                              " Find the match.  When it was just before the cursor move it there for a
                              " moment.
                              if before > 0
                                let has_getcurpos = exists("*getcurpos")
                                if has_getcurpos
                                  " getcurpos() is more efficient but doesn't exist before 7.4.313.
                                  let save_cursor = getcurpos()
                                else
                                  let save_cursor = winsaveview()
                                endif
                                call cursor(c_lnum, c_col - before)
                              endif
                            
                              if !has("syntax") || !exists("g:syntax_on")
                                let s_skip = "0"
                              else
                                " Build an expression that detects whether the current cursor position is
                                " in certain syntax types (string, comment, etc.), for use as
                                " searchpairpos()'s skip argument.
                                " We match "escape" for special items, such as lispEscapeSpecial, and
                                " match "symbol" for lispBarSymbol.
                                let s_skip = 'synstack(".", col("."))' . '->indexof({_, id -> synIDattr(id, "name") =~? ' . '"string\\|character\\|singlequote\\|escape\\|symbol\\|comment"}) >= 0'
                                " If executing the expression determines that the cursor is currently in
                                " one of the syntax types, then we want searchpairpos() to find the pair
                                " within those syntax types (i.e., not skip).  Otherwise, the cursor is
                                " outside of the syntax types and s_skip should keep its value so we skip
                                " any matching pair inside the syntax types.
                                " Catch if this throws E363: pattern uses more memory than 'maxmempattern'.
                                try
                                  execute 'if ' . s_skip . ' | let s_skip = "0" | endif'
                                catch /^Vim\%((\a\+)\)\=:E363/
                                  " We won't find anything, so skip searching, should keep Vim responsive.
                                  return
                                endtry
                              endif
                            
                              " Limit the search to lines visible in the window.
                              let stoplinebottom = line('w$')
                              let stoplinetop = line('w0')
                              if i % 2 == 0
                                let stopline = stoplinebottom
                              else
                                let stopline = stoplinetop
                              endif
                            
                              " Limit the search time to 300 msec to avoid a hang on very long lines.
                              " This fails when a timeout is not supported.
                              if mode() == 'i' || mode() == 'R'
                                let timeout = exists("b:matchparen_insert_timeout") ? b:matchparen_insert_timeout : g:matchparen_insert_timeout
                              else
                                let timeout = exists("b:matchparen_timeout") ? b:matchparen_timeout : g:matchparen_timeout
                              endif
                              try
                                let [m_lnum, m_col] = searchpairpos(c, '', c2, s_flags, s_skip, stopline, timeout)
                              catch /E118/
                                " Can't use the timeout, restrict the stopline a bit more to avoid taking
                                " a long time on closed folds and long lines.
                                " The "viewable" variables give a range in which we can scroll while
                                " keeping the cursor at the same position.
                                " adjustedScrolloff accounts for very large numbers of scrolloff.
                                let adjustedScrolloff = min([&scrolloff, (line('w$') - line('w0')) / 2])
                                let bottom_viewable = min([line('$'), c_lnum + &lines - adjustedScrolloff - 2])
                                let top_viewable = max([1, c_lnum-&lines+adjustedScrolloff + 2])
                                " one of these stoplines will be adjusted below, but the current values are
                                " minimal boundaries within the current window
                                if i % 2 == 0
                                  if has("byte_offset") && has("syntax_items") && &smc > 0
                            	let stopbyte = min([line2byte("$"), line2byte(".") + col(".") + &smc * 2])
                            	let stopline = min([bottom_viewable, byte2line(stopbyte)])
                                  else
                            	let stopline = min([bottom_viewable, c_lnum + 100])
                                  endif
                                  let stoplinebottom = stopline
                                else
                                  if has("byte_offset") && has("syntax_items") && &smc > 0
                            	let stopbyte = max([1, line2byte(".") + col(".") - &smc * 2])
                            	let stopline = max([top_viewable, byte2line(stopbyte)])
                                  else
                            	let stopline = max([top_viewable, c_lnum - 100])
                                  endif
                                  let stoplinetop = stopline
                                endif
                                let [m_lnum, m_col] = searchpairpos(c, '', c2, s_flags, s_skip, stopline)
                              endtry
                            
                              if before > 0
                                if has_getcurpos
                                  call setpos('.', save_cursor)
                                else
                                  call winrestview(save_cursor)
                                endif
                              endif
                            
                              " If a match is found setup match highlighting.
                              if m_lnum > 0 && m_lnum >= stoplinetop && m_lnum <= stoplinebottom 
                                if s:has_matchaddpos
                                  call add(w:matchparen_ids, matchaddpos('MatchParen', [[c_lnum, c_col - before], [m_lnum, m_col]], 10))
                                else
                                  exe '3match MatchParen /\(\%' . c_lnum . 'l\%' . (c_col - before) . 'c\)\|\(\%' . m_lnum . 'l\%' . m_col . 'c\)/'
                                  call add(w:matchparen_ids, 3)
                                endif
                                let w:paren_hl_on = 1
                              endif

FUNCTIONS SORTED ON TOTAL TIME
count  total (s)   self (s)  function
    1   0.000052   0.000045  <SNR>90_Highlight_Matching_Pair()
    1   0.000034             <SNR>44_on_vimleavepre()
    1   0.000016             <SNR>44_on_vimenter()
    1   0.000008             <SNR>90_Remove_Matches()
    1   0.000005             nerdtree#checkForBrowse()

FUNCTIONS SORTED ON SELF TIME
count  total (s)   self (s)  function
    1   0.000052   0.000045  <SNR>90_Highlight_Matching_Pair()
    1              0.000034  <SNR>44_on_vimleavepre()
    1              0.000016  <SNR>44_on_vimenter()
    1              0.000008  <SNR>90_Remove_Matches()
    1              0.000005  nerdtree#checkForBrowse()

